Express server listening on port 3000 in development mode
Error: Failed to lookup view "index.ejs" in views directory "/views"
    at Function.render (/home/pi/Documents/Beer_control (local-Server)/node_modules/express/lib/application.js:580:17)
    at ServerResponse.render (/home/pi/Documents/Beer_control (local-Server)/node_modules/express/lib/response.js:1012:7)
    at /home/pi/Documents/Beer_control (local-Server)/app/routes.js:30:9
    at Layer.handle [as handle_request] (/home/pi/Documents/Beer_control (local-Server)/node_modules/express/lib/router/layer.js:95:5)
    at next (/home/pi/Documents/Beer_control (local-Server)/node_modules/express/lib/router/route.js:137:13)
    at Route.dispatch (/home/pi/Documents/Beer_control (local-Server)/node_modules/express/lib/router/route.js:112:3)
    at Layer.handle [as handle_request] (/home/pi/Documents/Beer_control (local-Server)/node_modules/express/lib/router/layer.js:95:5)
    at /home/pi/Documents/Beer_control (local-Server)/node_modules/express/lib/router/index.js:281:22
    at Function.process_params (/home/pi/Documents/Beer_control (local-Server)/node_modules/express/lib/router/index.js:335:12)
    at next (/home/pi/Documents/Beer_control (local-Server)/node_modules/express/lib/router/index.js:275:10)
    at initialize (/home/pi/Documents/Beer_control (local-Server)/node_modules/passport/lib/middleware/initialize.js:53:5)
    at Layer.handle [as handle_request] (/home/pi/Documents/Beer_control (local-Server)/node_modules/express/lib/router/layer.js:95:5)
    at trim_prefix (/home/pi/Documents/Beer_control (local-Server)/node_modules/express/lib/router/index.js:317:13)
    at /home/pi/Documents/Beer_control (local-Server)/node_modules/express/lib/router/index.js:284:7
    at Function.process_params (/home/pi/Documents/Beer_control (local-Server)/node_modules/express/lib/router/index.js:335:12)
    at next (/home/pi/Documents/Beer_control (local-Server)/node_modules/express/lib/router/index.js:275:10)
    at jsonParser (/home/pi/Documents/Beer_control (local-Server)/node_modules/body-parser/lib/types/json.js:110:7)
    at Layer.handle [as handle_request] (/home/pi/Documents/Beer_control (local-Server)/node_modules/express/lib/router/layer.js:95:5)
    at trim_prefix (/home/pi/Documents/Beer_control (local-Server)/node_modules/express/lib/router/index.js:317:13)
    at /home/pi/Documents/Beer_control (local-Server)/node_modules/express/lib/router/index.js:284:7
    at Function.process_params (/home/pi/Documents/Beer_control (local-Server)/node_modules/express/lib/router/index.js:335:12)
    at next (/home/pi/Documents/Beer_control (local-Server)/node_modules/express/lib/router/index.js:275:10)
Error: Failed to lookup view "index.ejs" in views directory "/views"
    at Function.render (/home/pi/Documents/Beer_control (local-Server)/node_modules/express/lib/application.js:580:17)
    at ServerResponse.render (/home/pi/Documents/Beer_control (local-Server)/node_modules/express/lib/response.js:1012:7)
    at /home/pi/Documents/Beer_control (local-Server)/app/routes.js:30:9
    at Layer.handle [as handle_request] (/home/pi/Documents/Beer_control (local-Server)/node_modules/express/lib/router/layer.js:95:5)
    at next (/home/pi/Documents/Beer_control (local-Server)/node_modules/express/lib/router/route.js:137:13)
    at Route.dispatch (/home/pi/Documents/Beer_control (local-Server)/node_modules/express/lib/router/route.js:112:3)
    at Layer.handle [as handle_request] (/home/pi/Documents/Beer_control (local-Server)/node_modules/express/lib/router/layer.js:95:5)
    at /home/pi/Documents/Beer_control (local-Server)/node_modules/express/lib/router/index.js:281:22
    at Function.process_params (/home/pi/Documents/Beer_control (local-Server)/node_modules/express/lib/router/index.js:335:12)
    at next (/home/pi/Documents/Beer_control (local-Server)/node_modules/express/lib/router/index.js:275:10)
    at initialize (/home/pi/Documents/Beer_control (local-Server)/node_modules/passport/lib/middleware/initialize.js:53:5)
    at Layer.handle [as handle_request] (/home/pi/Documents/Beer_control (local-Server)/node_modules/express/lib/router/layer.js:95:5)
    at trim_prefix (/home/pi/Documents/Beer_control (local-Server)/node_modules/express/lib/router/index.js:317:13)
    at /home/pi/Documents/Beer_control (local-Server)/node_modules/express/lib/router/index.js:284:7
    at Function.process_params (/home/pi/Documents/Beer_control (local-Server)/node_modules/express/lib/router/index.js:335:12)
    at next (/home/pi/Documents/Beer_control (local-Server)/node_modules/express/lib/router/index.js:275:10)
    at jsonParser (/home/pi/Documents/Beer_control (local-Server)/node_modules/body-parser/lib/types/json.js:110:7)
    at Layer.handle [as handle_request] (/home/pi/Documents/Beer_control (local-Server)/node_modules/express/lib/router/layer.js:95:5)
    at trim_prefix (/home/pi/Documents/Beer_control (local-Server)/node_modules/express/lib/router/index.js:317:13)
    at /home/pi/Documents/Beer_control (local-Server)/node_modules/express/lib/router/index.js:284:7
    at Function.process_params (/home/pi/Documents/Beer_control (local-Server)/node_modules/express/lib/router/index.js:335:12)
    at next (/home/pi/Documents/Beer_control (local-Server)/node_modules/express/lib/router/index.js:275:10)
Error: Failed to lookup view "index.ejs" in views directory "/views"
    at Function.render (/home/pi/Documents/Beer_control (local-Server)/node_modules/express/lib/application.js:580:17)
    at ServerResponse.render (/home/pi/Documents/Beer_control (local-Server)/node_modules/express/lib/response.js:1012:7)
    at /home/pi/Documents/Beer_control (local-Server)/app/routes.js:30:9
    at Layer.handle [as handle_request] (/home/pi/Documents/Beer_control (local-Server)/node_modules/express/lib/router/layer.js:95:5)
    at next (/home/pi/Documents/Beer_control (local-Server)/node_modules/express/lib/router/route.js:137:13)
    at Route.dispatch (/home/pi/Documents/Beer_control (local-Server)/node_modules/express/lib/router/route.js:112:3)
    at Layer.handle [as handle_request] (/home/pi/Documents/Beer_control (local-Server)/node_modules/express/lib/router/layer.js:95:5)
    at /home/pi/Documents/Beer_control (local-Server)/node_modules/express/lib/router/index.js:281:22
    at Function.process_params (/home/pi/Documents/Beer_control (local-Server)/node_modules/express/lib/router/index.js:335:12)
    at next (/home/pi/Documents/Beer_control (local-Server)/node_modules/express/lib/router/index.js:275:10)
    at initialize (/home/pi/Documents/Beer_control (local-Server)/node_modules/passport/lib/middleware/initialize.js:53:5)
    at Layer.handle [as handle_request] (/home/pi/Documents/Beer_control (local-Server)/node_modules/express/lib/router/layer.js:95:5)
    at trim_prefix (/home/pi/Documents/Beer_control (local-Server)/node_modules/express/lib/router/index.js:317:13)
    at /home/pi/Documents/Beer_control (local-Server)/node_modules/express/lib/router/index.js:284:7
    at Function.process_params (/home/pi/Documents/Beer_control (local-Server)/node_modules/express/lib/router/index.js:335:12)
    at next (/home/pi/Documents/Beer_control (local-Server)/node_modules/express/lib/router/index.js:275:10)
    at jsonParser (/home/pi/Documents/Beer_control (local-Server)/node_modules/body-parser/lib/types/json.js:110:7)
    at Layer.handle [as handle_request] (/home/pi/Documents/Beer_control (local-Server)/node_modules/express/lib/router/layer.js:95:5)
    at trim_prefix (/home/pi/Documents/Beer_control (local-Server)/node_modules/express/lib/router/index.js:317:13)
    at /home/pi/Documents/Beer_control (local-Server)/node_modules/express/lib/router/index.js:284:7
    at Function.process_params (/home/pi/Documents/Beer_control (local-Server)/node_modules/express/lib/router/index.js:335:12)
    at next (/home/pi/Documents/Beer_control (local-Server)/node_modules/express/lib/router/index.js:275:10)
Error: Failed to lookup view "index.ejs" in views directory "/views"
    at Function.render (/home/pi/Documents/Beer_control (local-Server)/node_modules/express/lib/application.js:580:17)
    at ServerResponse.render (/home/pi/Documents/Beer_control (local-Server)/node_modules/express/lib/response.js:1012:7)
    at /home/pi/Documents/Beer_control (local-Server)/app/routes.js:30:9
    at Layer.handle [as handle_request] (/home/pi/Documents/Beer_control (local-Server)/node_modules/express/lib/router/layer.js:95:5)
    at next (/home/pi/Documents/Beer_control (local-Server)/node_modules/express/lib/router/route.js:137:13)
    at Route.dispatch (/home/pi/Documents/Beer_control (local-Server)/node_modules/express/lib/router/route.js:112:3)
    at Layer.handle [as handle_request] (/home/pi/Documents/Beer_control (local-Server)/node_modules/express/lib/router/layer.js:95:5)
    at /home/pi/Documents/Beer_control (local-Server)/node_modules/express/lib/router/index.js:281:22
    at Function.process_params (/home/pi/Documents/Beer_control (local-Server)/node_modules/express/lib/router/index.js:335:12)
    at next (/home/pi/Documents/Beer_control (local-Server)/node_modules/express/lib/router/index.js:275:10)
    at initialize (/home/pi/Documents/Beer_control (local-Server)/node_modules/passport/lib/middleware/initialize.js:53:5)
    at Layer.handle [as handle_request] (/home/pi/Documents/Beer_control (local-Server)/node_modules/express/lib/router/layer.js:95:5)
    at trim_prefix (/home/pi/Documents/Beer_control (local-Server)/node_modules/express/lib/router/index.js:317:13)
    at /home/pi/Documents/Beer_control (local-Server)/node_modules/express/lib/router/index.js:284:7
    at Function.process_params (/home/pi/Documents/Beer_control (local-Server)/node_modules/express/lib/router/index.js:335:12)
    at next (/home/pi/Documents/Beer_control (local-Server)/node_modules/express/lib/router/index.js:275:10)
    at jsonParser (/home/pi/Documents/Beer_control (local-Server)/node_modules/body-parser/lib/types/json.js:110:7)
    at Layer.handle [as handle_request] (/home/pi/Documents/Beer_control (local-Server)/node_modules/express/lib/router/layer.js:95:5)
    at trim_prefix (/home/pi/Documents/Beer_control (local-Server)/node_modules/express/lib/router/index.js:317:13)
    at /home/pi/Documents/Beer_control (local-Server)/node_modules/express/lib/router/index.js:284:7
    at Function.process_params (/home/pi/Documents/Beer_control (local-Server)/node_modules/express/lib/router/index.js:335:12)
    at next (/home/pi/Documents/Beer_control (local-Server)/node_modules/express/lib/router/index.js:275:10)
Error: Failed to lookup view "index.ejs" in views directory "/views"
    at Function.render (/home/pi/Documents/Beer_control (local-Server)/node_modules/express/lib/application.js:580:17)
    at ServerResponse.render (/home/pi/Documents/Beer_control (local-Server)/node_modules/express/lib/response.js:1012:7)
    at /home/pi/Documents/Beer_control (local-Server)/app/routes.js:30:9
    at Layer.handle [as handle_request] (/home/pi/Documents/Beer_control (local-Server)/node_modules/express/lib/router/layer.js:95:5)
    at next (/home/pi/Documents/Beer_control (local-Server)/node_modules/express/lib/router/route.js:137:13)
    at Route.dispatch (/home/pi/Documents/Beer_control (local-Server)/node_modules/express/lib/router/route.js:112:3)
    at Layer.handle [as handle_request] (/home/pi/Documents/Beer_control (local-Server)/node_modules/express/lib/router/layer.js:95:5)
    at /home/pi/Documents/Beer_control (local-Server)/node_modules/express/lib/router/index.js:281:22
    at Function.process_params (/home/pi/Documents/Beer_control (local-Server)/node_modules/express/lib/router/index.js:335:12)
    at next (/home/pi/Documents/Beer_control (local-Server)/node_modules/express/lib/router/index.js:275:10)
    at initialize (/home/pi/Documents/Beer_control (local-Server)/node_modules/passport/lib/middleware/initialize.js:53:5)
    at Layer.handle [as handle_request] (/home/pi/Documents/Beer_control (local-Server)/node_modules/express/lib/router/layer.js:95:5)
    at trim_prefix (/home/pi/Documents/Beer_control (local-Server)/node_modules/express/lib/router/index.js:317:13)
    at /home/pi/Documents/Beer_control (local-Server)/node_modules/express/lib/router/index.js:284:7
    at Function.process_params (/home/pi/Documents/Beer_control (local-Server)/node_modules/express/lib/router/index.js:335:12)
    at next (/home/pi/Documents/Beer_control (local-Server)/node_modules/express/lib/router/index.js:275:10)
    at jsonParser (/home/pi/Documents/Beer_control (local-Server)/node_modules/body-parser/lib/types/json.js:110:7)
    at Layer.handle [as handle_request] (/home/pi/Documents/Beer_control (local-Server)/node_modules/express/lib/router/layer.js:95:5)
    at trim_prefix (/home/pi/Documents/Beer_control (local-Server)/node_modules/express/lib/router/index.js:317:13)
    at /home/pi/Documents/Beer_control (local-Server)/node_modules/express/lib/router/index.js:284:7
    at Function.process_params (/home/pi/Documents/Beer_control (local-Server)/node_modules/express/lib/router/index.js:335:12)
    at next (/home/pi/Documents/Beer_control (local-Server)/node_modules/express/lib/router/index.js:275:10)
Error: Failed to lookup view "index.ejs" in views directory "/views"
    at Function.render (/home/pi/Documents/Beer_control (local-Server)/node_modules/express/lib/application.js:580:17)
    at ServerResponse.render (/home/pi/Documents/Beer_control (local-Server)/node_modules/express/lib/response.js:1012:7)
    at /home/pi/Documents/Beer_control (local-Server)/app/routes.js:30:9
    at Layer.handle [as handle_request] (/home/pi/Documents/Beer_control (local-Server)/node_modules/express/lib/router/layer.js:95:5)
    at next (/home/pi/Documents/Beer_control (local-Server)/node_modules/express/lib/router/route.js:137:13)
    at Route.dispatch (/home/pi/Documents/Beer_control (local-Server)/node_modules/express/lib/router/route.js:112:3)
    at Layer.handle [as handle_request] (/home/pi/Documents/Beer_control (local-Server)/node_modules/express/lib/router/layer.js:95:5)
    at /home/pi/Documents/Beer_control (local-Server)/node_modules/express/lib/router/index.js:281:22
    at Function.process_params (/home/pi/Documents/Beer_control (local-Server)/node_modules/express/lib/router/index.js:335:12)
    at next (/home/pi/Documents/Beer_control (local-Server)/node_modules/express/lib/router/index.js:275:10)
    at initialize (/home/pi/Documents/Beer_control (local-Server)/node_modules/passport/lib/middleware/initialize.js:53:5)
    at Layer.handle [as handle_request] (/home/pi/Documents/Beer_control (local-Server)/node_modules/express/lib/router/layer.js:95:5)
    at trim_prefix (/home/pi/Documents/Beer_control (local-Server)/node_modules/express/lib/router/index.js:317:13)
    at /home/pi/Documents/Beer_control (local-Server)/node_modules/express/lib/router/index.js:284:7
    at Function.process_params (/home/pi/Documents/Beer_control (local-Server)/node_modules/express/lib/router/index.js:335:12)
    at next (/home/pi/Documents/Beer_control (local-Server)/node_modules/express/lib/router/index.js:275:10)
    at jsonParser (/home/pi/Documents/Beer_control (local-Server)/node_modules/body-parser/lib/types/json.js:110:7)
    at Layer.handle [as handle_request] (/home/pi/Documents/Beer_control (local-Server)/node_modules/express/lib/router/layer.js:95:5)
    at trim_prefix (/home/pi/Documents/Beer_control (local-Server)/node_modules/express/lib/router/index.js:317:13)
    at /home/pi/Documents/Beer_control (local-Server)/node_modules/express/lib/router/index.js:284:7
    at Function.process_params (/home/pi/Documents/Beer_control (local-Server)/node_modules/express/lib/router/index.js:335:12)
    at next (/home/pi/Documents/Beer_control (local-Server)/node_modules/express/lib/router/index.js:275:10)
error: Forever detected script was killed by signal: SIGKILL
